{
  "uid" : "4b4757e66a1912dae1a509f688f20b0f",
  "children" : [ {
    "name" : "Test defects",
    "children" : [ {
      "name" : "selenium.common.exceptions.NoSuchElementException: Message: no such element: Unable to locate element: {\"method\":\"xpath\",\"selector\":\"//*[contains(@href,'register')]\"}\n  (Session info: headless chrome=92.0.4515.131)",
      "children" : [ {
        "name" : "test_tc_001_registration",
        "uid" : "ead05339337638de",
        "parentUid" : "6fb6ccdc4d0877c9369266a9dfc76a28",
        "status" : "broken",
        "time" : {
          "start" : 1629140874867,
          "stop" : 1629140894842,
          "duration" : 19975
        },
        "flaky" : false,
        "newFailed" : false,
        "parameters" : [ ]
      } ],
      "uid" : "6fb6ccdc4d0877c9369266a9dfc76a28"
    } ],
    "uid" : "bdbf199525818fae7a8651db9eafe741"
  }, {
    "name" : "Product defects",
    "children" : [ {
      "name" : "AssertionError: assert 'urna-nunc-id-cursus-metus.' == 'urna-nunc-id-cursus-metus'\n  - urna-nunc-id-cursus-metus\n  + urna-nunc-id-cursus-metus.\n  ?                          +",
      "children" : [ {
        "name" : "test_tc_010_import_data",
        "uid" : "a4231b130d633fc7",
        "parentUid" : "d13e491f5384c5c48ac384f558865274",
        "status" : "failed",
        "time" : {
          "start" : 1629141204550,
          "stop" : 1629141223045,
          "duration" : 18495
        },
        "flaky" : false,
        "newFailed" : false,
        "parameters" : [ ]
      } ],
      "uid" : "d13e491f5384c5c48ac384f558865274"
    } ],
    "uid" : "8fb3a91ba5aaf9de24cc8a92edc82b5d"
  } ],
  "name" : "categories"
}