{
  "uid" : "e1fc95f6db2d54be",
  "name" : "test_tc_001_registration",
  "fullName" : "tests.con_tc_001_test#test_tc_001_registration",
  "historyId" : "bb3145c320050a8c1aa813135b4cb732",
  "time" : {
    "start" : 1629048910934,
    "stop" : 1629048926299,
    "duration" : 15365
  },
  "status" : "passed",
  "flaky" : false,
  "newFailed" : false,
  "beforeStages" : [ ],
  "testStage" : {
    "status" : "passed",
    "steps" : [ ],
    "attachments" : [ {
      "uid" : "8c33bb484447b98b",
      "name" : "log",
      "source" : "8c33bb484447b98b.txt",
      "type" : "text/plain",
      "size" : 642
    }, {
      "uid" : "6a4fa206ca47262",
      "name" : "stderr",
      "source" : "6a4fa206ca47262.txt",
      "type" : "text/plain",
      "size" : 435
    } ],
    "parameters" : [ ],
    "stepsCount" : 0,
    "attachmentsCount" : 2,
    "shouldDisplayMessage" : false,
    "hasContent" : true
  },
  "afterStages" : [ ],
  "labels" : [ {
    "name" : "parentSuite",
    "value" : "tests"
  }, {
    "name" : "suite",
    "value" : "con_tc_001_test"
  }, {
    "name" : "host",
    "value" : "fv-az36-878"
  }, {
    "name" : "thread",
    "value" : "3701-MainThread"
  }, {
    "name" : "framework",
    "value" : "pytest"
  }, {
    "name" : "language",
    "value" : "cpython3"
  }, {
    "name" : "package",
    "value" : "tests.con_tc_001_test"
  }, {
    "name" : "resultFormat",
    "value" : "allure2"
  } ],
  "parameters" : [ ],
  "links" : [ ],
  "hidden" : false,
  "retry" : false,
  "extra" : {
    "severity" : "normal",
    "retries" : [ ],
    "categories" : [ ],
    "history" : {
      "statistic" : {
        "failed" : 0,
        "broken" : 2,
        "skipped" : 0,
        "passed" : 1,
        "unknown" : 0,
        "total" : 3
      },
      "items" : [ {
        "uid" : "e9461c7aa74be1a9",
        "reportUrl" : "https://mantissza.github.io/conduit/14//#testresult/e9461c7aa74be1a9",
        "status" : "broken",
        "statusDetails" : "selenium.common.exceptions.NoSuchElementException: Message: no such element: Unable to locate element: {\"method\":\"xpath\",\"selector\":\"//a[@href='#/register']\"}\n  (Session info: headless chrome=92.0.4515.131)",
        "time" : {
          "start" : 1629046331122,
          "stop" : 1629046333585,
          "duration" : 2463
        }
      }, {
        "uid" : "8dcc8aaca2b87722",
        "reportUrl" : "https://mantissza.github.io/conduit/13//#testresult/8dcc8aaca2b87722",
        "status" : "broken",
        "statusDetails" : "selenium.common.exceptions.NoSuchElementException: Message: no such element: Unable to locate element: {\"method\":\"xpath\",\"selector\":\"//a[@href='#/register']\"}\n  (Session info: headless chrome=92.0.4515.131)",
        "time" : {
          "start" : 1629043266378,
          "stop" : 1629043269051,
          "duration" : 2673
        }
      } ]
    },
    "tags" : [ ]
  },
  "source" : "e1fc95f6db2d54be.json",
  "parameterValues" : [ ]
}